2017-09-14 16:11:24,048 [ModalContext] WARN  o.e.m.i.discovery.MavenDiscovery - CatalogItem org.eclipse.m2e.discovery.lifecyclemapping.m2e-egit does not contain lifecycle mapping metadata
2017-09-14 16:11:24,053 [ModalContext] WARN  o.e.m.i.discovery.MavenDiscovery - CatalogItem org.eclipse.m2e.discovery.lifecyclemapping.m2e-subversive does not contain lifecycle mapping metadata
2017-09-14 16:11:24,053 [ModalContext] WARN  o.e.m.i.discovery.MavenDiscovery - CatalogItem org.eclipse.m2e.discovery.lifecyclemapping.m2e-subclipse does not contain lifecycle mapping metadata
2017-09-14 16:11:33,643 [Worker-5] INFO  o.e.m.c.i.l.LifecycleMappingFactory - Using org.maven.ide.eclipse.wtp.WarLifecycleMapping lifecycle mapping for MavenProject: com.alacriti.projecttracking:EmployeeProjectTracking:1.0 @ /home/sandhyad/Desktop/GitRepo/EmployeeProjectTracking/EmployeeProjectTracking/pom.xml.
2017-09-14 16:11:34,825 [Worker-5] INFO  o.e.m.j.i.AbstractJavaProjectConfigurator - Adding source folder /EmployeeProjectTracking/src/main/java
2017-09-14 16:11:34,825 [Worker-5] INFO  o.e.m.j.i.AbstractJavaProjectConfigurator - Adding source folder /EmployeeProjectTracking/src/test/java
2017-09-14 16:11:35,384 [Worker-0] INFO  o.e.m.c.i.l.LifecycleMappingFactory - Using org.maven.ide.eclipse.wtp.WarLifecycleMapping lifecycle mapping for MavenProject: com.alacriti.projecttracking:EmployeeProjectTracking:1.0 @ /home/sandhyad/Desktop/GitRepo/EmployeeProjectTracking/EmployeeProjectTracking/pom.xml.
2017-09-14 16:11:35,843 [Worker-5] ERROR o.e.m2e.wtp.WTPProjectConfigurator - Unable to configure EmployeeProjectTracking
org.eclipse.m2e.wtp.MarkedException: Unable to configure EmployeeProjectTracking
	at org.eclipse.m2e.wtp.AbstractProjectConfiguratorDelegate.configureProject(AbstractProjectConfiguratorDelegate.java:97) ~[na:na]
	at org.eclipse.m2e.wtp.WTPProjectConfigurator.configure(WTPProjectConfigurator.java:62) ~[na:na]
	at org.eclipse.m2e.core.project.configurator.AbstractLifecycleMapping.configure(AbstractLifecycleMapping.java:109) [org.eclipse.m2e.core_1.4.0.20130601-0317.jar:na]
	at org.eclipse.m2e.core.internal.project.ProjectConfigurationManager$3.call(ProjectConfigurationManager.java:472) [org.eclipse.m2e.core_1.4.0.20130601-0317.jar:na]
	at org.eclipse.m2e.core.internal.project.ProjectConfigurationManager$3.call(ProjectConfigurationManager.java:1) [org.eclipse.m2e.core_1.4.0.20130601-0317.jar:na]
	at org.eclipse.m2e.core.internal.embedder.MavenExecutionContext.executeBare(MavenExecutionContext.java:161) [org.eclipse.m2e.core_1.4.0.20130601-0317.jar:na]
	at org.eclipse.m2e.core.internal.embedder.MavenExecutionContext.execute(MavenExecutionContext.java:137) [org.eclipse.m2e.core_1.4.0.20130601-0317.jar:na]
	at org.eclipse.m2e.core.internal.project.ProjectConfigurationManager.updateProjectConfiguration(ProjectConfigurationManager.java:465) [org.eclipse.m2e.core_1.4.0.20130601-0317.jar:na]
	at org.eclipse.m2e.core.internal.project.ProjectConfigurationManager.configureNewMavenProjects(ProjectConfigurationManager.java:245) [org.eclipse.m2e.core_1.4.0.20130601-0317.jar:na]
	at org.eclipse.m2e.core.internal.project.ProjectConfigurationManager$1.call(ProjectConfigurationManager.java:159) [org.eclipse.m2e.core_1.4.0.20130601-0317.jar:na]
	at org.eclipse.m2e.core.internal.project.ProjectConfigurationManager$1.call(ProjectConfigurationManager.java:1) [org.eclipse.m2e.core_1.4.0.20130601-0317.jar:na]
	at org.eclipse.m2e.core.internal.embedder.MavenExecutionContext.executeBare(MavenExecutionContext.java:161) [org.eclipse.m2e.core_1.4.0.20130601-0317.jar:na]
	at org.eclipse.m2e.core.internal.embedder.MavenExecutionContext.execute(MavenExecutionContext.java:137) [org.eclipse.m2e.core_1.4.0.20130601-0317.jar:na]
	at org.eclipse.m2e.core.internal.embedder.MavenExecutionContext.execute(MavenExecutionContext.java:89) [org.eclipse.m2e.core_1.4.0.20130601-0317.jar:na]
	at org.eclipse.m2e.core.internal.embedder.MavenImpl.execute(MavenImpl.java:1305) [org.eclipse.m2e.core_1.4.0.20130601-0317.jar:na]
	at org.eclipse.m2e.core.internal.project.ProjectConfigurationManager.importProjects(ProjectConfigurationManager.java:134) [org.eclipse.m2e.core_1.4.0.20130601-0317.jar:na]
	at org.eclipse.m2e.core.ui.internal.wizards.MavenImportWizard$1.doCreateMavenProjects(MavenImportWizard.java:172) [org.eclipse.m2e.core.ui_1.4.0.20130601-0317.jar:na]
	at org.eclipse.m2e.core.ui.internal.wizards.AbstractCreateMavenProjectsOperation.run(AbstractCreateMavenProjectsOperation.java:74) [org.eclipse.m2e.core.ui_1.4.0.20130601-0317.jar:na]
	at org.eclipse.m2e.core.ui.internal.wizards.MavenImportWizard$3.runInWorkspace(MavenImportWizard.java:257) [org.eclipse.m2e.core.ui_1.4.0.20130601-0317.jar:na]
	at org.eclipse.core.internal.resources.InternalWorkspaceJob.run(InternalWorkspaceJob.java:38) [org.eclipse.core.resources_3.8.101.v20130717-0806.jar:na]
	at org.eclipse.core.internal.jobs.Worker.run(Worker.java:53) [org.eclipse.core.jobs_3.5.300.v20130429-1813.jar:na]
Caused by: org.eclipse.core.runtime.CoreException: One or more constraints have not been satisfied.
	at org.eclipse.wst.common.project.facet.core.internal.FacetedProject.modifyInternal(FacetedProject.java:363) ~[na:na]
	at org.eclipse.wst.common.project.facet.core.internal.FacetedProject.mergeChangesInternal(FacetedProject.java:1181) ~[na:na]
	at org.eclipse.wst.common.project.facet.core.internal.FacetedProject.access$2(FacetedProject.java:1117) ~[na:na]
	at org.eclipse.wst.common.project.facet.core.internal.FacetedProject$1.run(FacetedProject.java:324) ~[na:na]
	at org.eclipse.core.internal.resources.Workspace.run(Workspace.java:2345) ~[org.eclipse.core.resources_3.8.101.v20130717-0806.jar:na]
	at org.eclipse.wst.common.project.facet.core.internal.FacetedProject.modify(FacetedProject.java:339) ~[na:na]
	at org.eclipse.m2e.wtp.WebProjectConfiguratorDelegate.configure(WebProjectConfiguratorDelegate.java:150) ~[na:na]
	at org.eclipse.m2e.wtp.AbstractProjectConfiguratorDelegate.configureProject(AbstractProjectConfiguratorDelegate.java:93) ~[na:na]
	... 20 common frames omitted
2017-09-14 16:11:35,938 [Worker-5] INFO  o.e.m.c.i.p.ProjectConfigurationManager - Project import completed 3 sec
2017-09-14 16:11:36,420 [Worker-5] INFO  o.e.m.c.i.p.ProjectConfigurationManager - Update started
2017-09-14 16:11:36,420 [Worker-5] INFO  o.e.m.c.i.p.ProjectConfigurationManager - Update completed: 0 sec
2017-09-14 16:11:38,116 [Worker-5] INFO  o.e.m.c.i.embedder.EclipseLogger - Using 'UTF-8' encoding to copy filtered resources.
2017-09-14 16:11:38,116 [Worker-5] INFO  o.e.m.c.i.embedder.EclipseLogger - skip non existing resourceDirectory /home/sandhyad/Desktop/GitRepo/EmployeeProjectTracking/EmployeeProjectTracking/src/main/resources
2017-09-14 16:11:38,118 [Worker-5] INFO  o.e.m.c.i.embedder.EclipseLogger - Using 'UTF-8' encoding to copy filtered resources.
2017-09-14 16:11:38,122 [Worker-5] INFO  o.e.m.c.i.embedder.EclipseLogger - skip non existing resourceDirectory /home/sandhyad/Desktop/GitRepo/EmployeeProjectTracking/EmployeeProjectTracking/src/test/resources
2017-09-14 16:12:28,436 [Worker-2] INFO  o.e.m.c.i.embedder.EclipseLogger - Using 'UTF-8' encoding to copy filtered resources.
2017-09-14 16:12:28,436 [Worker-2] INFO  o.e.m.c.i.embedder.EclipseLogger - skip non existing resourceDirectory /home/sandhyad/Desktop/GitRepo/EmployeeProjectTracking/EmployeeProjectTracking/src/main/resources
2017-09-14 16:12:28,440 [Worker-2] INFO  o.e.m.c.i.embedder.EclipseLogger - Using 'UTF-8' encoding to copy filtered resources.
2017-09-14 16:12:28,440 [Worker-2] INFO  o.e.m.c.i.embedder.EclipseLogger - skip non existing resourceDirectory /home/sandhyad/Desktop/GitRepo/EmployeeProjectTracking/EmployeeProjectTracking/src/test/resources
2017-09-14 17:28:55,978 [Worker-11] INFO  o.e.m.c.i.embedder.EclipseLogger - Using 'UTF-8' encoding to copy filtered resources.
2017-09-14 17:28:55,988 [Worker-11] INFO  o.e.m.c.i.embedder.EclipseLogger - skip non existing resourceDirectory /home/sandhyad/Desktop/GitRepo/EmployeeProjectTracking/EmployeeProjectTracking/src/main/resources
2017-09-14 17:28:55,990 [Worker-11] INFO  o.e.m.c.i.embedder.EclipseLogger - Using 'UTF-8' encoding to copy filtered resources.
2017-09-14 17:28:55,990 [Worker-11] INFO  o.e.m.c.i.embedder.EclipseLogger - skip non existing resourceDirectory /home/sandhyad/Desktop/GitRepo/EmployeeProjectTracking/EmployeeProjectTracking/src/test/resources
2017-09-14 17:28:57,105 [Worker-12] INFO  o.e.m.c.i.embedder.EclipseLogger - Using 'UTF-8' encoding to copy filtered resources.
2017-09-14 17:28:57,105 [Worker-12] INFO  o.e.m.c.i.embedder.EclipseLogger - skip non existing resourceDirectory /home/sandhyad/Desktop/GitRepo/EmployeeProjectTracking/EmployeeProjectTracking/src/main/resources
2017-09-14 17:28:57,108 [Worker-12] INFO  o.e.m.c.i.embedder.EclipseLogger - Using 'UTF-8' encoding to copy filtered resources.
2017-09-14 17:28:57,108 [Worker-12] INFO  o.e.m.c.i.embedder.EclipseLogger - skip non existing resourceDirectory /home/sandhyad/Desktop/GitRepo/EmployeeProjectTracking/EmployeeProjectTracking/src/test/resources
2017-09-14 17:32:16,166 [Worker-15] INFO  o.e.m.c.i.embedder.EclipseLogger - Using 'UTF-8' encoding to copy filtered resources.
2017-09-14 17:32:16,166 [Worker-15] INFO  o.e.m.c.i.embedder.EclipseLogger - skip non existing resourceDirectory /home/sandhyad/Desktop/GitRepo/EmployeeProjectTracking/EmployeeProjectTracking/src/main/resources
2017-09-14 17:32:16,168 [Worker-15] INFO  o.e.m.c.i.embedder.EclipseLogger - Using 'UTF-8' encoding to copy filtered resources.
2017-09-14 17:32:16,168 [Worker-15] INFO  o.e.m.c.i.embedder.EclipseLogger - skip non existing resourceDirectory /home/sandhyad/Desktop/GitRepo/EmployeeProjectTracking/EmployeeProjectTracking/src/test/resources
2017-09-14 17:32:17,229 [Worker-11] INFO  o.e.m.c.i.embedder.EclipseLogger - Using 'UTF-8' encoding to copy filtered resources.
2017-09-14 17:32:17,229 [Worker-11] INFO  o.e.m.c.i.embedder.EclipseLogger - skip non existing resourceDirectory /home/sandhyad/Desktop/GitRepo/EmployeeProjectTracking/EmployeeProjectTracking/src/main/resources
2017-09-14 17:32:17,231 [Worker-11] INFO  o.e.m.c.i.embedder.EclipseLogger - Using 'UTF-8' encoding to copy filtered resources.
2017-09-14 17:32:17,231 [Worker-11] INFO  o.e.m.c.i.embedder.EclipseLogger - skip non existing resourceDirectory /home/sandhyad/Desktop/GitRepo/EmployeeProjectTracking/EmployeeProjectTracking/src/test/resources
2017-09-14 17:33:15,209 [Worker-12] INFO  o.e.m.c.i.embedder.EclipseLogger - Using 'UTF-8' encoding to copy filtered resources.
2017-09-14 17:33:15,209 [Worker-12] INFO  o.e.m.c.i.embedder.EclipseLogger - skip non existing resourceDirectory /home/sandhyad/Desktop/GitRepo/EmployeeProjectTracking/EmployeeProjectTracking/src/main/resources
2017-09-14 17:33:15,210 [Worker-12] INFO  o.e.m.c.i.embedder.EclipseLogger - Using 'UTF-8' encoding to copy filtered resources.
2017-09-14 17:33:15,210 [Worker-12] INFO  o.e.m.c.i.embedder.EclipseLogger - skip non existing resourceDirectory /home/sandhyad/Desktop/GitRepo/EmployeeProjectTracking/EmployeeProjectTracking/src/test/resources
2017-09-15 10:09:50,898 [Worker-0] INFO  o.e.m.c.i.embedder.EclipseLogger - Using 'UTF-8' encoding to copy filtered resources.
2017-09-15 10:09:50,992 [Worker-0] INFO  o.e.m.c.i.embedder.EclipseLogger - skip non existing resourceDirectory /home/sandhyad/Desktop/GitRepo/EmployeeProjectTracking/EmployeeProjectTracking/src/main/resources
2017-09-15 10:09:50,999 [Worker-0] INFO  o.e.m.c.i.embedder.EclipseLogger - Using 'UTF-8' encoding to copy filtered resources.
2017-09-15 10:09:50,999 [Worker-0] INFO  o.e.m.c.i.embedder.EclipseLogger - skip non existing resourceDirectory /home/sandhyad/Desktop/GitRepo/EmployeeProjectTracking/EmployeeProjectTracking/src/test/resources
2017-09-18 15:37:03,340 [Worker-68] INFO  o.e.m.c.i.embedder.EclipseLogger - Using 'UTF-8' encoding to copy filtered resources.
2017-09-18 15:37:03,351 [Worker-68] INFO  o.e.m.c.i.embedder.EclipseLogger - skip non existing resourceDirectory /home/sandhyad/Desktop/GitRepo/EmployeeProjectTracking/EmployeeProjectTracking/src/main/resources
2017-09-18 15:37:03,353 [Worker-68] INFO  o.e.m.c.i.embedder.EclipseLogger - Using 'UTF-8' encoding to copy filtered resources.
2017-09-18 15:37:03,353 [Worker-68] INFO  o.e.m.c.i.embedder.EclipseLogger - skip non existing resourceDirectory /home/sandhyad/Desktop/GitRepo/EmployeeProjectTracking/EmployeeProjectTracking/src/test/resources
2017-09-18 15:39:09,629 [Worker-64] INFO  o.e.m.c.i.embedder.EclipseLogger - Using 'UTF-8' encoding to copy filtered resources.
2017-09-18 15:39:09,630 [Worker-64] INFO  o.e.m.c.i.embedder.EclipseLogger - skip non existing resourceDirectory /home/sandhyad/Desktop/GitRepo/EmployeeProjectTracking/EmployeeProjectTracking/src/main/resources
2017-09-18 15:39:09,632 [Worker-64] INFO  o.e.m.c.i.embedder.EclipseLogger - Using 'UTF-8' encoding to copy filtered resources.
2017-09-18 15:39:09,632 [Worker-64] INFO  o.e.m.c.i.embedder.EclipseLogger - skip non existing resourceDirectory /home/sandhyad/Desktop/GitRepo/EmployeeProjectTracking/EmployeeProjectTracking/src/test/resources
2017-09-18 15:39:10,714 [Worker-72] INFO  o.e.m.c.i.embedder.EclipseLogger - Using 'UTF-8' encoding to copy filtered resources.
2017-09-18 15:39:10,715 [Worker-72] INFO  o.e.m.c.i.embedder.EclipseLogger - skip non existing resourceDirectory /home/sandhyad/Desktop/GitRepo/EmployeeProjectTracking/EmployeeProjectTracking/src/main/resources
2017-09-18 15:39:10,716 [Worker-72] INFO  o.e.m.c.i.embedder.EclipseLogger - Using 'UTF-8' encoding to copy filtered resources.
2017-09-18 15:39:10,717 [Worker-72] INFO  o.e.m.c.i.embedder.EclipseLogger - skip non existing resourceDirectory /home/sandhyad/Desktop/GitRepo/EmployeeProjectTracking/EmployeeProjectTracking/src/test/resources
2017-09-18 15:41:42,192 [Worker-73] INFO  o.e.m.c.i.embedder.EclipseLogger - Using 'UTF-8' encoding to copy filtered resources.
2017-09-18 15:41:42,192 [Worker-73] INFO  o.e.m.c.i.embedder.EclipseLogger - skip non existing resourceDirectory /home/sandhyad/Desktop/GitRepo/EmployeeProjectTracking/EmployeeProjectTracking/src/main/resources
2017-09-18 15:41:42,194 [Worker-73] INFO  o.e.m.c.i.embedder.EclipseLogger - Using 'UTF-8' encoding to copy filtered resources.
2017-09-18 15:41:42,194 [Worker-73] INFO  o.e.m.c.i.embedder.EclipseLogger - skip non existing resourceDirectory /home/sandhyad/Desktop/GitRepo/EmployeeProjectTracking/EmployeeProjectTracking/src/test/resources
2017-09-18 15:41:43,207 [Worker-64] INFO  o.e.m.c.i.embedder.EclipseLogger - Using 'UTF-8' encoding to copy filtered resources.
2017-09-18 15:41:43,207 [Worker-64] INFO  o.e.m.c.i.embedder.EclipseLogger - skip non existing resourceDirectory /home/sandhyad/Desktop/GitRepo/EmployeeProjectTracking/EmployeeProjectTracking/src/main/resources
2017-09-18 15:41:43,210 [Worker-64] INFO  o.e.m.c.i.embedder.EclipseLogger - Using 'UTF-8' encoding to copy filtered resources.
2017-09-18 15:41:43,210 [Worker-64] INFO  o.e.m.c.i.embedder.EclipseLogger - skip non existing resourceDirectory /home/sandhyad/Desktop/GitRepo/EmployeeProjectTracking/EmployeeProjectTracking/src/test/resources
2017-09-18 15:44:19,948 [Worker-77] INFO  o.e.m.c.i.embedder.EclipseLogger - Using 'UTF-8' encoding to copy filtered resources.
2017-09-18 15:44:19,948 [Worker-77] INFO  o.e.m.c.i.embedder.EclipseLogger - skip non existing resourceDirectory /home/sandhyad/Desktop/GitRepo/EmployeeProjectTracking/EmployeeProjectTracking/src/main/resources
2017-09-18 15:44:19,949 [Worker-77] INFO  o.e.m.c.i.embedder.EclipseLogger - Using 'UTF-8' encoding to copy filtered resources.
2017-09-18 15:44:19,949 [Worker-77] INFO  o.e.m.c.i.embedder.EclipseLogger - skip non existing resourceDirectory /home/sandhyad/Desktop/GitRepo/EmployeeProjectTracking/EmployeeProjectTracking/src/test/resources
2017-09-18 15:44:21,011 [Worker-64] INFO  o.e.m.c.i.embedder.EclipseLogger - Using 'UTF-8' encoding to copy filtered resources.
2017-09-18 15:44:21,012 [Worker-64] INFO  o.e.m.c.i.embedder.EclipseLogger - skip non existing resourceDirectory /home/sandhyad/Desktop/GitRepo/EmployeeProjectTracking/EmployeeProjectTracking/src/main/resources
2017-09-18 15:44:21,014 [Worker-64] INFO  o.e.m.c.i.embedder.EclipseLogger - Using 'UTF-8' encoding to copy filtered resources.
2017-09-18 15:44:21,014 [Worker-64] INFO  o.e.m.c.i.embedder.EclipseLogger - skip non existing resourceDirectory /home/sandhyad/Desktop/GitRepo/EmployeeProjectTracking/EmployeeProjectTracking/src/test/resources
2017-09-18 15:45:17,803 [Worker-78] INFO  o.e.m.c.i.embedder.EclipseLogger - Using 'UTF-8' encoding to copy filtered resources.
2017-09-18 15:45:17,804 [Worker-78] INFO  o.e.m.c.i.embedder.EclipseLogger - skip non existing resourceDirectory /home/sandhyad/Desktop/GitRepo/EmployeeProjectTracking/EmployeeProjectTracking/src/main/resources
2017-09-18 15:45:17,806 [Worker-78] INFO  o.e.m.c.i.embedder.EclipseLogger - Using 'UTF-8' encoding to copy filtered resources.
2017-09-18 15:45:17,806 [Worker-78] INFO  o.e.m.c.i.embedder.EclipseLogger - skip non existing resourceDirectory /home/sandhyad/Desktop/GitRepo/EmployeeProjectTracking/EmployeeProjectTracking/src/test/resources
2017-09-18 15:45:18,882 [Worker-75] INFO  o.e.m.c.i.embedder.EclipseLogger - Using 'UTF-8' encoding to copy filtered resources.
2017-09-18 15:45:18,883 [Worker-75] INFO  o.e.m.c.i.embedder.EclipseLogger - skip non existing resourceDirectory /home/sandhyad/Desktop/GitRepo/EmployeeProjectTracking/EmployeeProjectTracking/src/main/resources
2017-09-18 15:45:18,885 [Worker-75] INFO  o.e.m.c.i.embedder.EclipseLogger - Using 'UTF-8' encoding to copy filtered resources.
2017-09-18 15:45:18,885 [Worker-75] INFO  o.e.m.c.i.embedder.EclipseLogger - skip non existing resourceDirectory /home/sandhyad/Desktop/GitRepo/EmployeeProjectTracking/EmployeeProjectTracking/src/test/resources
2017-09-18 15:45:28,536 [Worker-76] INFO  o.e.m.c.i.embedder.EclipseLogger - Using 'UTF-8' encoding to copy filtered resources.
2017-09-18 15:45:28,536 [Worker-76] INFO  o.e.m.c.i.embedder.EclipseLogger - skip non existing resourceDirectory /home/sandhyad/Desktop/GitRepo/EmployeeProjectTracking/EmployeeProjectTracking/src/main/resources
2017-09-18 15:45:28,536 [Worker-76] INFO  o.e.m.c.i.embedder.EclipseLogger - Using 'UTF-8' encoding to copy filtered resources.
2017-09-18 15:45:28,537 [Worker-76] INFO  o.e.m.c.i.embedder.EclipseLogger - skip non existing resourceDirectory /home/sandhyad/Desktop/GitRepo/EmployeeProjectTracking/EmployeeProjectTracking/src/test/resources
2017-09-18 15:49:46,698 [Worker-76] INFO  o.e.m.c.i.embedder.EclipseLogger - Using 'UTF-8' encoding to copy filtered resources.
2017-09-18 15:49:46,698 [Worker-76] INFO  o.e.m.c.i.embedder.EclipseLogger - skip non existing resourceDirectory /home/sandhyad/Desktop/GitRepo/EmployeeProjectTracking/EmployeeProjectTracking/src/main/resources
2017-09-18 15:49:46,703 [Worker-76] INFO  o.e.m.c.i.embedder.EclipseLogger - Using 'UTF-8' encoding to copy filtered resources.
2017-09-18 15:49:46,703 [Worker-76] INFO  o.e.m.c.i.embedder.EclipseLogger - skip non existing resourceDirectory /home/sandhyad/Desktop/GitRepo/EmployeeProjectTracking/EmployeeProjectTracking/src/test/resources
2017-09-18 15:49:47,765 [Worker-76] INFO  o.e.m.c.i.embedder.EclipseLogger - Using 'UTF-8' encoding to copy filtered resources.
2017-09-18 15:49:47,765 [Worker-76] INFO  o.e.m.c.i.embedder.EclipseLogger - skip non existing resourceDirectory /home/sandhyad/Desktop/GitRepo/EmployeeProjectTracking/EmployeeProjectTracking/src/main/resources
2017-09-18 15:49:47,766 [Worker-76] INFO  o.e.m.c.i.embedder.EclipseLogger - Using 'UTF-8' encoding to copy filtered resources.
2017-09-18 15:49:47,766 [Worker-76] INFO  o.e.m.c.i.embedder.EclipseLogger - skip non existing resourceDirectory /home/sandhyad/Desktop/GitRepo/EmployeeProjectTracking/EmployeeProjectTracking/src/test/resources
2017-09-18 15:51:32,356 [Worker-82] INFO  o.e.m.c.i.embedder.EclipseLogger - Using 'UTF-8' encoding to copy filtered resources.
2017-09-18 15:51:32,356 [Worker-82] INFO  o.e.m.c.i.embedder.EclipseLogger - skip non existing resourceDirectory /home/sandhyad/Desktop/GitRepo/EmployeeProjectTracking/EmployeeProjectTracking/src/main/resources
2017-09-18 15:51:32,357 [Worker-82] INFO  o.e.m.c.i.embedder.EclipseLogger - Using 'UTF-8' encoding to copy filtered resources.
2017-09-18 15:51:32,357 [Worker-82] INFO  o.e.m.c.i.embedder.EclipseLogger - skip non existing resourceDirectory /home/sandhyad/Desktop/GitRepo/EmployeeProjectTracking/EmployeeProjectTracking/src/test/resources
2017-09-18 15:51:33,369 [Worker-78] INFO  o.e.m.c.i.embedder.EclipseLogger - Using 'UTF-8' encoding to copy filtered resources.
2017-09-18 15:51:33,369 [Worker-78] INFO  o.e.m.c.i.embedder.EclipseLogger - skip non existing resourceDirectory /home/sandhyad/Desktop/GitRepo/EmployeeProjectTracking/EmployeeProjectTracking/src/main/resources
2017-09-18 15:51:33,371 [Worker-78] INFO  o.e.m.c.i.embedder.EclipseLogger - Using 'UTF-8' encoding to copy filtered resources.
2017-09-18 15:51:33,371 [Worker-78] INFO  o.e.m.c.i.embedder.EclipseLogger - skip non existing resourceDirectory /home/sandhyad/Desktop/GitRepo/EmployeeProjectTracking/EmployeeProjectTracking/src/test/resources
2017-09-18 15:52:02,197 [Worker-79] INFO  o.e.m.c.i.embedder.EclipseLogger - Using 'UTF-8' encoding to copy filtered resources.
2017-09-18 15:52:02,197 [Worker-79] INFO  o.e.m.c.i.embedder.EclipseLogger - skip non existing resourceDirectory /home/sandhyad/Desktop/GitRepo/EmployeeProjectTracking/EmployeeProjectTracking/src/main/resources
2017-09-18 15:52:02,198 [Worker-79] INFO  o.e.m.c.i.embedder.EclipseLogger - Using 'UTF-8' encoding to copy filtered resources.
2017-09-18 15:52:02,198 [Worker-79] INFO  o.e.m.c.i.embedder.EclipseLogger - skip non existing resourceDirectory /home/sandhyad/Desktop/GitRepo/EmployeeProjectTracking/EmployeeProjectTracking/src/test/resources
2017-09-18 15:54:03,907 [Worker-76] INFO  o.e.m.c.i.embedder.EclipseLogger - Using 'UTF-8' encoding to copy filtered resources.
2017-09-18 15:54:03,907 [Worker-76] INFO  o.e.m.c.i.embedder.EclipseLogger - skip non existing resourceDirectory /home/sandhyad/Desktop/GitRepo/EmployeeProjectTracking/EmployeeProjectTracking/src/main/resources
2017-09-18 15:54:03,910 [Worker-76] INFO  o.e.m.c.i.embedder.EclipseLogger - Using 'UTF-8' encoding to copy filtered resources.
2017-09-18 15:54:03,910 [Worker-76] INFO  o.e.m.c.i.embedder.EclipseLogger - skip non existing resourceDirectory /home/sandhyad/Desktop/GitRepo/EmployeeProjectTracking/EmployeeProjectTracking/src/test/resources
2017-09-18 15:54:04,972 [Worker-76] INFO  o.e.m.c.i.embedder.EclipseLogger - Using 'UTF-8' encoding to copy filtered resources.
2017-09-18 15:54:04,972 [Worker-76] INFO  o.e.m.c.i.embedder.EclipseLogger - skip non existing resourceDirectory /home/sandhyad/Desktop/GitRepo/EmployeeProjectTracking/EmployeeProjectTracking/src/main/resources
2017-09-18 15:54:04,974 [Worker-76] INFO  o.e.m.c.i.embedder.EclipseLogger - Using 'UTF-8' encoding to copy filtered resources.
2017-09-18 15:54:04,974 [Worker-76] INFO  o.e.m.c.i.embedder.EclipseLogger - skip non existing resourceDirectory /home/sandhyad/Desktop/GitRepo/EmployeeProjectTracking/EmployeeProjectTracking/src/test/resources
2017-09-18 15:55:43,989 [Worker-84] INFO  o.e.m.c.i.embedder.EclipseLogger - Using 'UTF-8' encoding to copy filtered resources.
2017-09-18 15:55:43,990 [Worker-84] INFO  o.e.m.c.i.embedder.EclipseLogger - skip non existing resourceDirectory /home/sandhyad/Desktop/GitRepo/EmployeeProjectTracking/EmployeeProjectTracking/src/main/resources
2017-09-18 15:55:43,990 [Worker-84] INFO  o.e.m.c.i.embedder.EclipseLogger - Using 'UTF-8' encoding to copy filtered resources.
2017-09-18 15:55:43,990 [Worker-84] INFO  o.e.m.c.i.embedder.EclipseLogger - skip non existing resourceDirectory /home/sandhyad/Desktop/GitRepo/EmployeeProjectTracking/EmployeeProjectTracking/src/test/resources
2017-09-18 15:55:45,051 [Worker-76] INFO  o.e.m.c.i.embedder.EclipseLogger - Using 'UTF-8' encoding to copy filtered resources.
2017-09-18 15:55:45,051 [Worker-76] INFO  o.e.m.c.i.embedder.EclipseLogger - skip non existing resourceDirectory /home/sandhyad/Desktop/GitRepo/EmployeeProjectTracking/EmployeeProjectTracking/src/main/resources
2017-09-18 15:55:45,053 [Worker-76] INFO  o.e.m.c.i.embedder.EclipseLogger - Using 'UTF-8' encoding to copy filtered resources.
2017-09-18 15:55:45,053 [Worker-76] INFO  o.e.m.c.i.embedder.EclipseLogger - skip non existing resourceDirectory /home/sandhyad/Desktop/GitRepo/EmployeeProjectTracking/EmployeeProjectTracking/src/test/resources
2017-09-18 15:56:40,775 [Worker-85] INFO  o.e.m.c.i.embedder.EclipseLogger - Using 'UTF-8' encoding to copy filtered resources.
2017-09-18 15:56:40,775 [Worker-85] INFO  o.e.m.c.i.embedder.EclipseLogger - skip non existing resourceDirectory /home/sandhyad/Desktop/GitRepo/EmployeeProjectTracking/EmployeeProjectTracking/src/main/resources
2017-09-18 15:56:40,776 [Worker-85] INFO  o.e.m.c.i.embedder.EclipseLogger - Using 'UTF-8' encoding to copy filtered resources.
2017-09-18 15:56:40,776 [Worker-85] INFO  o.e.m.c.i.embedder.EclipseLogger - skip non existing resourceDirectory /home/sandhyad/Desktop/GitRepo/EmployeeProjectTracking/EmployeeProjectTracking/src/test/resources
2017-09-18 15:56:41,796 [Worker-80] INFO  o.e.m.c.i.embedder.EclipseLogger - Using 'UTF-8' encoding to copy filtered resources.
2017-09-18 15:56:41,796 [Worker-80] INFO  o.e.m.c.i.embedder.EclipseLogger - skip non existing resourceDirectory /home/sandhyad/Desktop/GitRepo/EmployeeProjectTracking/EmployeeProjectTracking/src/main/resources
2017-09-18 15:56:41,798 [Worker-80] INFO  o.e.m.c.i.embedder.EclipseLogger - Using 'UTF-8' encoding to copy filtered resources.
2017-09-18 15:56:41,798 [Worker-80] INFO  o.e.m.c.i.embedder.EclipseLogger - skip non existing resourceDirectory /home/sandhyad/Desktop/GitRepo/EmployeeProjectTracking/EmployeeProjectTracking/src/test/resources
2017-09-18 18:14:18,961 [Worker-2] INFO  o.e.m.c.i.embedder.EclipseLogger - Using 'UTF-8' encoding to copy filtered resources.
2017-09-18 18:14:19,100 [Worker-2] INFO  o.e.m.c.i.embedder.EclipseLogger - skip non existing resourceDirectory /home/sandhyad/Desktop/GitRepo/EmployeeProjectTracking/EmployeeProjectTracking/src/main/resources
2017-09-18 18:14:19,101 [Worker-2] INFO  o.e.m.c.i.embedder.EclipseLogger - Using 'UTF-8' encoding to copy filtered resources.
2017-09-18 18:14:19,101 [Worker-2] INFO  o.e.m.c.i.embedder.EclipseLogger - skip non existing resourceDirectory /home/sandhyad/Desktop/GitRepo/EmployeeProjectTracking/EmployeeProjectTracking/src/test/resources
2017-09-18 19:06:24,927 [Worker-11] INFO  o.e.m.c.i.embedder.EclipseLogger - Using 'UTF-8' encoding to copy filtered resources.
2017-09-18 19:06:24,930 [Worker-11] INFO  o.e.m.c.i.embedder.EclipseLogger - skip non existing resourceDirectory /home/sandhyad/Desktop/GitRepo/EmployeeProjectTracking/EmployeeProjectTracking/src/main/resources
2017-09-18 19:06:24,932 [Worker-11] INFO  o.e.m.c.i.embedder.EclipseLogger - Using 'UTF-8' encoding to copy filtered resources.
2017-09-18 19:06:24,932 [Worker-11] INFO  o.e.m.c.i.embedder.EclipseLogger - skip non existing resourceDirectory /home/sandhyad/Desktop/GitRepo/EmployeeProjectTracking/EmployeeProjectTracking/src/test/resources
2017-09-18 19:17:27,330 [Worker-16] INFO  o.e.m.c.i.embedder.EclipseLogger - Using 'UTF-8' encoding to copy filtered resources.
2017-09-18 19:17:27,330 [Worker-16] INFO  o.e.m.c.i.embedder.EclipseLogger - skip non existing resourceDirectory /home/sandhyad/Desktop/GitRepo/EmployeeProjectTracking/EmployeeProjectTracking/src/main/resources
2017-09-18 19:17:27,331 [Worker-16] INFO  o.e.m.c.i.embedder.EclipseLogger - Using 'UTF-8' encoding to copy filtered resources.
2017-09-18 19:17:27,331 [Worker-16] INFO  o.e.m.c.i.embedder.EclipseLogger - skip non existing resourceDirectory /home/sandhyad/Desktop/GitRepo/EmployeeProjectTracking/EmployeeProjectTracking/src/test/resources
2017-09-19 09:56:34,785 [Worker-0] INFO  o.e.m.c.i.embedder.EclipseLogger - Using 'UTF-8' encoding to copy filtered resources.
2017-09-19 09:56:34,874 [Worker-0] INFO  o.e.m.c.i.embedder.EclipseLogger - skip non existing resourceDirectory /home/sandhyad/Desktop/GitRepo/EmployeeProjectTracking/EmployeeProjectTracking/src/main/resources
2017-09-19 09:56:34,878 [Worker-0] INFO  o.e.m.c.i.embedder.EclipseLogger - Using 'UTF-8' encoding to copy filtered resources.
2017-09-19 09:56:34,879 [Worker-0] INFO  o.e.m.c.i.embedder.EclipseLogger - skip non existing resourceDirectory /home/sandhyad/Desktop/GitRepo/EmployeeProjectTracking/EmployeeProjectTracking/src/test/resources
2017-09-19 10:05:14,845 [Worker-6] INFO  o.e.m.c.i.embedder.EclipseLogger - Using 'UTF-8' encoding to copy filtered resources.
2017-09-19 10:05:14,854 [Worker-6] INFO  o.e.m.c.i.embedder.EclipseLogger - skip non existing resourceDirectory /home/sandhyad/Desktop/GitRepo/EmployeeProjectTracking/EmployeeProjectTracking/src/main/resources
2017-09-19 10:05:14,855 [Worker-6] INFO  o.e.m.c.i.embedder.EclipseLogger - Using 'UTF-8' encoding to copy filtered resources.
2017-09-19 10:05:14,856 [Worker-6] INFO  o.e.m.c.i.embedder.EclipseLogger - skip non existing resourceDirectory /home/sandhyad/Desktop/GitRepo/EmployeeProjectTracking/EmployeeProjectTracking/src/test/resources
